<?xml version="1.0" encoding="UTF-8"?>
<!-- Generated by org.testng.reporters.JUnitReportReporter -->
<testsuite hostname="User-PC" failures="0" tests="1" name="com.asb.actitime.users.createUser" time="48.075" errors="0" timestamp="2023-01-08T14:00:58 IST" skipped="0">
  <testcase classname="com.asb.actitime.users.createUser" name="testCreateUser" time="48.075"/>
  <system-out/>
</testsuite> <!-- com.asb.actitime.users.createUser -->
