<?xml version="1.0" encoding="UTF-8"?>
<!-- Generated by org.testng.reporters.JUnitReportReporter -->
<testsuite hostname="User-PC" failures="0" tests="1" name="com.asb.actitime.tasks.deleteCustomer" time="20.161" errors="0" timestamp="2023-01-07T17:31:50 IST" skipped="0">
  <testcase classname="com.asb.actitime.tasks.deleteCustomer" name="testDeleteCustomer" time="20.161"/>
  <system-out/>
</testsuite> <!-- com.asb.actitime.tasks.deleteCustomer -->
